2018-10-24 16:49:37,869 [Worker-3: Loading available Gradle versions] INFO  c.g.t.t.d.PublishedGradleVersions - Gradle version information cache is out-of-date. Trying to update.
2018-10-24 16:50:35,923 [Worker-15: Importing Maven projects] INFO  o.e.m.c.i.l.LifecycleMappingFactory - Using org.eclipse.m2e.jdt.JarLifecycleMapping lifecycle mapping for MavenProject: com.example:configuration-client:0.0.1-SNAPSHOT @ /home/scriptuit/Projects/SpringConfigClient2/codebase/ConfigClient2/pom.xml.
2018-10-24 16:50:39,321 [Worker-15: Importing Maven projects] INFO  o.e.m.j.i.AbstractJavaProjectConfigurator - Adding source folder /configuration-client/src/main/java
2018-10-24 16:50:39,322 [Worker-15: Importing Maven projects] INFO  o.e.m.j.i.AbstractJavaProjectConfigurator - Adding resource folder /configuration-client/src/main/resources
2018-10-24 16:50:39,322 [Worker-15: Importing Maven projects] INFO  o.e.m.j.i.AbstractJavaProjectConfigurator - Adding resource folder /configuration-client/src/main/resources
2018-10-24 16:50:39,323 [Worker-15: Importing Maven projects] INFO  o.e.m.j.i.AbstractJavaProjectConfigurator - Adding source folder /configuration-client/src/test/java
2018-10-24 16:50:39,740 [Worker-15: Importing Maven projects] INFO  o.e.m.c.i.p.ProjectConfigurationManager - Imported and configured 1 project(s) in 11 sec
2018-10-24 16:50:43,473 [Worker-6: Building workspace] INFO  o.e.m.c.i.embedder.EclipseLogger - Using 'UTF-8' encoding to copy filtered resources.
2018-10-24 16:50:43,492 [Worker-6: Building workspace] INFO  o.e.m.c.i.embedder.EclipseLogger - Copying 1 resource
2018-10-24 16:50:43,521 [Worker-6: Building workspace] INFO  o.e.m.c.i.embedder.EclipseLogger - Copying 1 resource
2018-10-24 16:50:43,547 [Worker-6: Building workspace] INFO  o.e.m.c.i.embedder.EclipseLogger - Using 'UTF-8' encoding to copy filtered resources.
2018-10-24 16:50:43,547 [Worker-6: Building workspace] INFO  o.e.m.c.i.embedder.EclipseLogger - skip non existing resourceDirectory /home/scriptuit/Projects/SpringConfigClient2/codebase/ConfigClient2/src/test/resources
2018-10-24 16:53:25,831 [Worker-4: Loading available Gradle versions] INFO  c.g.t.t.d.PublishedGradleVersions - Gradle version information cache is up-to-date. Trying to read.
2018-10-24 16:53:48,693 [Worker-2: Building workspace] INFO  o.e.m.c.i.embedder.EclipseLogger - Using 'UTF-8' encoding to copy filtered resources.
2018-10-24 16:53:48,705 [Worker-2: Building workspace] INFO  o.e.m.c.i.embedder.EclipseLogger - Copying 1 resource
2018-10-24 16:53:48,752 [Worker-2: Building workspace] INFO  o.e.m.c.i.embedder.EclipseLogger - Copying 1 resource
2018-10-24 16:53:48,774 [Worker-2: Building workspace] INFO  o.e.m.c.i.embedder.EclipseLogger - Using 'UTF-8' encoding to copy filtered resources.
2018-10-24 16:53:48,775 [Worker-2: Building workspace] INFO  o.e.m.c.i.embedder.EclipseLogger - skip non existing resourceDirectory /home/scriptuit/Projects/SpringConfigClient2/codebase/ConfigClient2/src/test/resources
2018-10-24 16:55:29,719 [Worker-4: Importing Maven projects] INFO  o.e.m.c.i.l.LifecycleMappingFactory - Using org.eclipse.m2e.jdt.JarLifecycleMapping lifecycle mapping for MavenProject: com.example:configuration-service:0.0.1-SNAPSHOT @ /home/scriptuit/Projects/SpringConfigServer/codebase/ConfigServer/pom.xml.
2018-10-24 16:55:30,950 [Worker-4: Importing Maven projects] INFO  o.e.m.j.i.AbstractJavaProjectConfigurator - Adding source folder /configuration-service/src/main/java
2018-10-24 16:55:30,951 [Worker-4: Importing Maven projects] INFO  o.e.m.j.i.AbstractJavaProjectConfigurator - Adding resource folder /configuration-service/src/main/resources
2018-10-24 16:55:30,951 [Worker-4: Importing Maven projects] INFO  o.e.m.j.i.AbstractJavaProjectConfigurator - Adding resource folder /configuration-service/src/main/resources
2018-10-24 16:55:30,952 [Worker-4: Importing Maven projects] INFO  o.e.m.j.i.AbstractJavaProjectConfigurator - Adding source folder /configuration-service/src/test/java
2018-10-24 16:55:31,128 [Worker-4: Importing Maven projects] INFO  o.e.m.c.i.p.ProjectConfigurationManager - Imported and configured 1 project(s) in 4 sec
2018-10-24 16:55:33,580 [Worker-4: Building workspace] INFO  o.e.m.c.i.embedder.EclipseLogger - Using 'UTF-8' encoding to copy filtered resources.
2018-10-24 16:55:33,580 [Worker-4: Building workspace] INFO  o.e.m.c.i.embedder.EclipseLogger - Copying 1 resource
2018-10-24 16:55:33,605 [Worker-4: Building workspace] INFO  o.e.m.c.i.embedder.EclipseLogger - Copying 0 resource
2018-10-24 16:55:33,612 [Worker-4: Building workspace] INFO  o.e.m.c.i.embedder.EclipseLogger - Using 'UTF-8' encoding to copy filtered resources.
2018-10-24 16:55:33,612 [Worker-4: Building workspace] INFO  o.e.m.c.i.embedder.EclipseLogger - skip non existing resourceDirectory /home/scriptuit/Projects/SpringConfigServer/codebase/ConfigServer/src/test/resources
2018-10-24 16:56:37,117 [Worker-4: Launching cs_run] INFO  o.e.m.i.launch.MavenLaunchDelegate - /home/scriptuit/Projects/SpringConfigServer/codebase/ConfigServer
2018-10-24 16:56:37,119 [Worker-4: Launching cs_run] INFO  o.e.m.i.launch.MavenLaunchDelegate -  mvn -B -Dmaven.test.skip=true -DskipTests spring-boot:run
2018-10-24 18:35:38,879 [Worker-1: Loading available Gradle versions] INFO  c.g.t.t.d.PublishedGradleVersions - Gradle version information cache is up-to-date. Trying to read.
2018-10-24 18:35:59,278 [Worker-10: Launching cs_run] INFO  o.e.m.i.launch.MavenLaunchDelegate - /home/scriptuit/Projects/SpringConfigServer/codebase/ConfigServer
2018-10-24 18:35:59,281 [Worker-10: Launching cs_run] INFO  o.e.m.i.launch.MavenLaunchDelegate -  mvn -B -Dmaven.test.skip=true -DskipTests spring-boot:run
2018-10-24 18:47:46,643 [Worker-2: Loading available Gradle versions] INFO  c.g.t.t.d.PublishedGradleVersions - Gradle version information cache is up-to-date. Trying to read.
2018-10-24 18:50:18,338 [Worker-2: Launching cs_run] INFO  o.e.m.i.launch.MavenLaunchDelegate - /home/scriptuit/Projects/SpringConfigServer/codebase/ConfigServer
2018-10-24 18:50:18,358 [Worker-2: Launching cs_run] INFO  o.e.m.i.launch.MavenLaunchDelegate -  mvn -B -Dmaven.test.skip=true -DskipTests spring-boot:run
2018-10-24 20:49:25,987 [Worker-1: Loading available Gradle versions] INFO  c.g.t.t.d.PublishedGradleVersions - Gradle version information cache is up-to-date. Trying to read.
2018-10-24 20:55:13,801 [Worker-9: Launching cs_run] INFO  o.e.m.i.launch.MavenLaunchDelegate - /home/scriptuit/Projects/SpringConfigServer/codebase/ConfigServer
2018-10-24 20:55:13,819 [Worker-9: Launching cs_run] INFO  o.e.m.i.launch.MavenLaunchDelegate -  mvn -B -Dmaven.test.skip=true -DskipTests spring-boot:run
2018-10-25 16:10:34,916 [Worker-3: Loading available Gradle versions] INFO  c.g.t.t.d.PublishedGradleVersions - Gradle version information cache is up-to-date. Trying to read.
2018-10-25 16:10:41,875 [Worker-9: Building workspace] INFO  o.e.m.c.i.embedder.EclipseLogger - Using 'UTF-8' encoding to copy filtered resources.
2018-10-25 16:10:41,879 [Worker-9: Building workspace] INFO  o.e.m.c.i.embedder.EclipseLogger - Copying 1 resource
2018-10-25 16:10:41,938 [Worker-9: Building workspace] INFO  o.e.m.c.i.embedder.EclipseLogger - Copying 1 resource
2018-10-25 16:10:41,984 [Worker-9: Building workspace] INFO  o.e.m.c.i.embedder.EclipseLogger - Using 'UTF-8' encoding to copy filtered resources.
2018-10-25 16:10:41,985 [Worker-9: Building workspace] INFO  o.e.m.c.i.embedder.EclipseLogger - skip non existing resourceDirectory /home/scriptuit/Projects/SpringConfigClient2/codebase/ConfigClient2/src/test/resources
2018-10-25 16:10:43,417 [Worker-9: Building workspace] INFO  o.e.m.c.i.embedder.EclipseLogger - Using 'UTF-8' encoding to copy filtered resources.
2018-10-25 16:10:43,417 [Worker-9: Building workspace] INFO  o.e.m.c.i.embedder.EclipseLogger - Copying 1 resource
2018-10-25 16:10:43,420 [Worker-9: Building workspace] INFO  o.e.m.c.i.embedder.EclipseLogger - Copying 0 resource
2018-10-25 16:10:43,424 [Worker-9: Building workspace] INFO  o.e.m.c.i.embedder.EclipseLogger - Using 'UTF-8' encoding to copy filtered resources.
2018-10-25 16:10:43,424 [Worker-9: Building workspace] INFO  o.e.m.c.i.embedder.EclipseLogger - skip non existing resourceDirectory /home/scriptuit/Projects/SpringConfigServer/codebase/ConfigServer/src/test/resources
2018-10-25 16:10:58,047 [Worker-1: Launching cs_run] INFO  o.e.m.i.launch.MavenLaunchDelegate - /home/scriptuit/Projects/SpringConfigServer/codebase/ConfigServer
2018-10-25 16:10:58,048 [Worker-1: Launching cs_run] INFO  o.e.m.i.launch.MavenLaunchDelegate -  mvn -B -Dmaven.test.skip=true -DskipTests spring-boot:run
2018-10-25 16:18:54,258 [Worker-16: Launching cs_run] INFO  o.e.m.i.launch.MavenLaunchDelegate - /home/scriptuit/Projects/SpringConfigServer/codebase/ConfigServer
2018-10-25 16:18:54,364 [Worker-16: Launching cs_run] INFO  o.e.m.i.launch.MavenLaunchDelegate -  mvn -B -Dmaven.test.skip=true -DskipTests spring-boot:run
2018-10-25 16:48:42,164 [Worker-7: Launching cs_run] INFO  o.e.m.i.launch.MavenLaunchDelegate - /home/scriptuit/Projects/SpringConfigServer/codebase/ConfigServer
2018-10-25 16:48:42,188 [Worker-7: Launching cs_run] INFO  o.e.m.i.launch.MavenLaunchDelegate -  mvn -B -Dmaven.test.skip=true -DskipTests spring-boot:run
2018-10-25 17:00:31,553 [Worker-28: Launching cs_run] INFO  o.e.m.i.launch.MavenLaunchDelegate - /home/scriptuit/Projects/SpringConfigServer/codebase/ConfigServer
2018-10-25 17:00:31,593 [Worker-28: Launching cs_run] INFO  o.e.m.i.launch.MavenLaunchDelegate -  mvn -B -Dmaven.test.skip=true -DskipTests spring-boot:run
2018-10-25 17:10:35,434 [Worker-31: Launching cs_run] INFO  o.e.m.i.launch.MavenLaunchDelegate - /home/scriptuit/Projects/SpringConfigServer/codebase/ConfigServer
2018-10-25 17:10:35,511 [Worker-31: Launching cs_run] INFO  o.e.m.i.launch.MavenLaunchDelegate -  mvn -B -Dmaven.test.skip=true -DskipTests spring-boot:run
2018-10-25 17:12:31,139 [Worker-33: Launching cs_run] INFO  o.e.m.i.launch.MavenLaunchDelegate - /home/scriptuit/Projects/SpringConfigServer/codebase/ConfigServer
2018-10-25 17:12:31,140 [Worker-33: Launching cs_run] INFO  o.e.m.i.launch.MavenLaunchDelegate -  mvn -B -Dmaven.test.skip=true -DskipTests spring-boot:run
2018-10-25 17:14:32,641 [Worker-32: Launching cs_run] INFO  o.e.m.i.launch.MavenLaunchDelegate - /home/scriptuit/Projects/SpringConfigServer/codebase/ConfigServer
2018-10-25 17:14:32,652 [Worker-32: Launching cs_run] INFO  o.e.m.i.launch.MavenLaunchDelegate -  mvn -B -Dmaven.test.skip=true -DskipTests spring-boot:run
2018-10-25 17:15:16,073 [Worker-31: Launching cs_run] INFO  o.e.m.i.launch.MavenLaunchDelegate - /home/scriptuit/Projects/SpringConfigServer/codebase/ConfigServer
2018-10-25 17:15:16,073 [Worker-31: Launching cs_run] INFO  o.e.m.i.launch.MavenLaunchDelegate -  mvn -B -Dmaven.test.skip=true -DskipTests spring-boot:run
2018-10-25 17:17:19,447 [Worker-29: Launching cs_run] INFO  o.e.m.i.launch.MavenLaunchDelegate - /home/scriptuit/Projects/SpringConfigServer/codebase/ConfigServer
2018-10-25 17:17:19,477 [Worker-29: Launching cs_run] INFO  o.e.m.i.launch.MavenLaunchDelegate -  mvn -B -Dmaven.test.skip=true -DskipTests spring-boot:run
2018-10-25 17:29:02,438 [Worker-36: Launching cs_run] INFO  o.e.m.i.launch.MavenLaunchDelegate - /home/scriptuit/Projects/SpringConfigServer/codebase/ConfigServer
2018-10-25 17:29:02,439 [Worker-36: Launching cs_run] INFO  o.e.m.i.launch.MavenLaunchDelegate -  mvn -B -Dmaven.test.skip=true -DskipTests spring-boot:run
2018-10-25 17:30:42,234 [Worker-37: Launching cs_run] INFO  o.e.m.i.launch.MavenLaunchDelegate - /home/scriptuit/Projects/SpringConfigServer/codebase/ConfigServer
2018-10-25 17:30:42,410 [Worker-37: Launching cs_run] INFO  o.e.m.i.launch.MavenLaunchDelegate -  mvn -B -Dmaven.test.skip=true -DskipTests spring-boot:run
2018-10-25 17:32:30,223 [Worker-37: Launching cs_run] INFO  o.e.m.i.launch.MavenLaunchDelegate - /home/scriptuit/Projects/SpringConfigServer/codebase/ConfigServer
2018-10-25 17:32:30,223 [Worker-37: Launching cs_run] INFO  o.e.m.i.launch.MavenLaunchDelegate -  mvn -B -Dmaven.test.skip=true -DskipTests spring-boot:run
2018-10-25 17:37:06,658 [Worker-37: Launching cs_run] INFO  o.e.m.i.launch.MavenLaunchDelegate - /home/scriptuit/Projects/SpringConfigServer/codebase/ConfigServer
2018-10-25 17:37:06,695 [Worker-37: Launching cs_run] INFO  o.e.m.i.launch.MavenLaunchDelegate -  mvn -B -Dmaven.test.skip=true -DskipTests spring-boot:run
2018-10-25 17:45:44,081 [Worker-44: Launching cs_run] INFO  o.e.m.i.launch.MavenLaunchDelegate - /home/scriptuit/Projects/SpringConfigServer/codebase/ConfigServer
2018-10-25 17:45:44,081 [Worker-44: Launching cs_run] INFO  o.e.m.i.launch.MavenLaunchDelegate -  mvn -B -Dmaven.test.skip=true -DskipTests spring-boot:run
2018-10-25 18:39:29,280 [Worker-1: Loading available Gradle versions] INFO  c.g.t.t.d.PublishedGradleVersions - Gradle version information cache is out-of-date. Trying to update.
2018-10-25 18:39:37,978 [Worker-10: Building workspace] INFO  o.e.m.c.i.embedder.EclipseLogger - Using 'UTF-8' encoding to copy filtered resources.
2018-10-25 18:39:37,985 [Worker-10: Building workspace] INFO  o.e.m.c.i.embedder.EclipseLogger - Copying 1 resource
2018-10-25 18:39:38,155 [Worker-10: Building workspace] INFO  o.e.m.c.i.embedder.EclipseLogger - Copying 0 resource
2018-10-25 18:39:38,161 [Worker-10: Building workspace] INFO  o.e.m.c.i.embedder.EclipseLogger - Using 'UTF-8' encoding to copy filtered resources.
2018-10-25 18:39:38,162 [Worker-10: Building workspace] INFO  o.e.m.c.i.embedder.EclipseLogger - skip non existing resourceDirectory /home/scriptuit/Projects/SpringConfigServer/codebase/ConfigServer/src/test/resources
2018-10-25 18:39:59,210 [Worker-6: Building workspace] INFO  o.e.m.c.i.embedder.EclipseLogger - Using 'UTF-8' encoding to copy filtered resources.
2018-10-25 18:39:59,216 [Worker-6: Building workspace] INFO  o.e.m.c.i.embedder.EclipseLogger - Copying 1 resource
2018-10-25 18:39:59,217 [Worker-6: Building workspace] INFO  o.e.m.c.i.embedder.EclipseLogger - Copying 0 resource
2018-10-25 18:39:59,219 [Worker-6: Building workspace] INFO  o.e.m.c.i.embedder.EclipseLogger - Using 'UTF-8' encoding to copy filtered resources.
2018-10-25 18:39:59,220 [Worker-6: Building workspace] INFO  o.e.m.c.i.embedder.EclipseLogger - skip non existing resourceDirectory /home/scriptuit/Projects/SpringConfigServer/codebase/ConfigServer/src/test/resources
2018-10-25 18:40:07,390 [Worker-1: Launching cs_run] INFO  o.e.m.i.launch.MavenLaunchDelegate - /home/scriptuit/Projects/SpringConfigServer/codebase/ConfigServer
2018-10-25 18:40:07,391 [Worker-1: Launching cs_run] INFO  o.e.m.i.launch.MavenLaunchDelegate -  mvn -B -Dmaven.test.skip=true -DskipTests spring-boot:run
2018-10-26 11:54:21,664 [Worker-5: Loading available Gradle versions] INFO  c.g.t.t.d.PublishedGradleVersions - Gradle version information cache is up-to-date. Trying to read.
2018-10-26 12:24:14,126 [Worker-32: Building workspace] INFO  o.e.m.c.i.embedder.EclipseLogger - Using 'UTF-8' encoding to copy filtered resources.
2018-10-26 12:24:14,169 [Worker-32: Building workspace] INFO  o.e.m.c.i.embedder.EclipseLogger - Copying 1 resource
2018-10-26 12:24:14,220 [Worker-32: Building workspace] INFO  o.e.m.c.i.embedder.EclipseLogger - Copying 0 resource
2018-10-26 12:24:14,224 [Worker-32: Building workspace] INFO  o.e.m.c.i.embedder.EclipseLogger - Using 'UTF-8' encoding to copy filtered resources.
2018-10-26 12:24:14,224 [Worker-32: Building workspace] INFO  o.e.m.c.i.embedder.EclipseLogger - skip non existing resourceDirectory /home/scriptuit/Projects/SpringConfigServer/codebase/ConfigServer/src/test/resources
2018-10-26 12:24:20,941 [Worker-29: Launching cs_run] INFO  o.e.m.i.launch.MavenLaunchDelegate - /home/scriptuit/Projects/SpringConfigServer/codebase/ConfigServer
2018-10-26 12:24:20,944 [Worker-29: Launching cs_run] INFO  o.e.m.i.launch.MavenLaunchDelegate -  mvn -B -Dmaven.test.skip=true -DskipTests spring-boot:run
2018-10-26 12:26:45,356 [Worker-35: Building workspace] INFO  o.e.m.c.i.embedder.EclipseLogger - Using 'UTF-8' encoding to copy filtered resources.
2018-10-26 12:26:45,411 [Worker-35: Building workspace] INFO  o.e.m.c.i.embedder.EclipseLogger - Copying 1 resource
2018-10-26 12:26:45,426 [Worker-35: Building workspace] INFO  o.e.m.c.i.embedder.EclipseLogger - Copying 0 resource
2018-10-26 12:26:45,431 [Worker-35: Building workspace] INFO  o.e.m.c.i.embedder.EclipseLogger - Using 'UTF-8' encoding to copy filtered resources.
2018-10-26 12:26:45,432 [Worker-35: Building workspace] INFO  o.e.m.c.i.embedder.EclipseLogger - skip non existing resourceDirectory /home/scriptuit/Projects/SpringConfigServer/codebase/ConfigServer/src/test/resources
2018-10-26 12:28:02,282 [Worker-4: Loading available Gradle versions] INFO  c.g.t.t.d.PublishedGradleVersions - Gradle version information cache is up-to-date. Trying to read.
2018-10-26 12:28:35,232 [Worker-12: Launching cs_run] INFO  o.e.m.i.launch.MavenLaunchDelegate - /home/scriptuit/Projects/SpringConfigServer/codebase/ConfigServer
2018-10-26 12:28:35,234 [Worker-12: Launching cs_run] INFO  o.e.m.i.launch.MavenLaunchDelegate -  mvn -B -Dmaven.test.skip=true -DskipTests spring-boot:run
2018-10-26 12:59:20,092 [Worker-4: Loading available Gradle versions] INFO  c.g.t.t.d.PublishedGradleVersions - Gradle version information cache is up-to-date. Trying to read.
2018-10-26 13:00:49,598 [Worker-8: Launching cs_run] INFO  o.e.m.i.launch.MavenLaunchDelegate - /home/scriptuit/Projects/SpringConfigServer/codebase/ConfigServer
2018-10-26 13:00:49,601 [Worker-8: Launching cs_run] INFO  o.e.m.i.launch.MavenLaunchDelegate -  mvn -B -Dmaven.test.skip=true -DskipTests spring-boot:run
2018-10-26 18:35:04,311 [Worker-4: Loading available Gradle versions] INFO  c.g.t.t.d.PublishedGradleVersions - Gradle version information cache is up-to-date. Trying to read.
2018-10-26 18:45:59,297 [Worker-10: Launching cs_run] INFO  o.e.m.i.launch.MavenLaunchDelegate - /home/scriptuit/Projects/SpringConfigServer/codebase/ConfigServer
2018-10-26 18:45:59,317 [Worker-10: Launching cs_run] INFO  o.e.m.i.launch.MavenLaunchDelegate -  mvn -B -Dmaven.test.skip=true -DskipTests spring-boot:run
2018-10-29 10:55:57,904 [Worker-4: Loading available Gradle versions] INFO  c.g.t.t.d.PublishedGradleVersions - Gradle version information cache is out-of-date. Trying to update.
2018-10-29 11:10:36,228 [Worker-15: Launching cs_run] INFO  o.e.m.i.launch.MavenLaunchDelegate - /home/scriptuit/Projects/SpringConfigServer/codebase/ConfigServer
2018-10-29 11:10:36,254 [Worker-15: Launching cs_run] INFO  o.e.m.i.launch.MavenLaunchDelegate -  mvn -B -Dmaven.test.skip=true -DskipTests spring-boot:run
2018-10-29 12:04:03,443 [Worker-27: Launching cs_run] INFO  o.e.m.i.launch.MavenLaunchDelegate - /home/scriptuit/Projects/SpringConfigServer/codebase/ConfigServer
2018-10-29 12:04:03,577 [Worker-27: Launching cs_run] INFO  o.e.m.i.launch.MavenLaunchDelegate -  mvn -B -Dmaven.test.skip=true -DskipTests spring-boot:run
2018-10-29 12:50:11,742 [Worker-46: Launching cs_run] INFO  o.e.m.i.launch.MavenLaunchDelegate - /home/scriptuit/Projects/SpringConfigServer/codebase/ConfigServer
2018-10-29 12:50:12,608 [Worker-46: Launching cs_run] INFO  o.e.m.i.launch.MavenLaunchDelegate -  mvn -B -Dmaven.test.skip=true -DskipTests spring-boot:run
2018-10-29 13:09:25,099 [Worker-59: Launching cs_run] INFO  o.e.m.i.launch.MavenLaunchDelegate - /home/scriptuit/Projects/SpringConfigServer/codebase/ConfigServer
2018-10-29 13:09:25,203 [Worker-59: Launching cs_run] INFO  o.e.m.i.launch.MavenLaunchDelegate -  mvn -B -Dmaven.test.skip=true -DskipTests spring-boot:run
2018-10-29 13:37:11,745 [Worker-4: Loading available Gradle versions] INFO  c.g.t.t.d.PublishedGradleVersions - Gradle version information cache is up-to-date. Trying to read.
2018-10-29 14:34:37,223 [Worker-3: Loading available Gradle versions] INFO  c.g.t.t.d.PublishedGradleVersions - Gradle version information cache is up-to-date. Trying to read.
2018-10-29 14:34:56,957 [Worker-15: Building workspace] INFO  o.e.m.c.i.embedder.EclipseLogger - Using 'UTF-8' encoding to copy filtered resources.
2018-10-29 14:34:56,961 [Worker-15: Building workspace] INFO  o.e.m.c.i.embedder.EclipseLogger - Copying 1 resource
2018-10-29 14:34:56,973 [Worker-15: Building workspace] INFO  o.e.m.c.i.embedder.EclipseLogger - Copying 1 resource
2018-10-29 14:34:56,995 [Worker-15: Building workspace] INFO  o.e.m.c.i.embedder.EclipseLogger - Using 'UTF-8' encoding to copy filtered resources.
2018-10-29 14:34:56,995 [Worker-15: Building workspace] INFO  o.e.m.c.i.embedder.EclipseLogger - skip non existing resourceDirectory /home/scriptuit/Projects/SpringConfigClient2/codebase/ConfigClient2/src/test/resources
2018-10-29 14:34:58,569 [Worker-15: Building workspace] INFO  o.e.m.c.i.embedder.EclipseLogger - Using 'UTF-8' encoding to copy filtered resources.
2018-10-29 14:34:58,569 [Worker-15: Building workspace] INFO  o.e.m.c.i.embedder.EclipseLogger - Copying 1 resource
2018-10-29 14:34:58,618 [Worker-15: Building workspace] INFO  o.e.m.c.i.embedder.EclipseLogger - Copying 0 resource
2018-10-29 14:34:58,622 [Worker-15: Building workspace] INFO  o.e.m.c.i.embedder.EclipseLogger - Using 'UTF-8' encoding to copy filtered resources.
2018-10-29 14:34:58,622 [Worker-15: Building workspace] INFO  o.e.m.c.i.embedder.EclipseLogger - skip non existing resourceDirectory /home/scriptuit/Projects/SpringConfigServer/codebase/ConfigServer/src/test/resources
2018-10-29 14:36:46,477 [Worker-3: Building workspace] INFO  o.e.m.c.i.embedder.EclipseLogger - Using 'UTF-8' encoding to copy filtered resources.
2018-10-29 14:36:46,479 [Worker-3: Building workspace] INFO  o.e.m.c.i.embedder.EclipseLogger - Copying 1 resource
2018-10-29 14:36:46,480 [Worker-3: Building workspace] INFO  o.e.m.c.i.embedder.EclipseLogger - Copying 0 resource
2018-10-29 14:36:46,483 [Worker-3: Building workspace] INFO  o.e.m.c.i.embedder.EclipseLogger - Using 'UTF-8' encoding to copy filtered resources.
2018-10-29 14:36:46,483 [Worker-3: Building workspace] INFO  o.e.m.c.i.embedder.EclipseLogger - skip non existing resourceDirectory /home/scriptuit/Projects/SpringConfigClient2/codebase/ConfigClient2/src/test/resources
2018-10-29 14:37:41,608 [Worker-5: Building workspace] INFO  o.e.m.c.i.l.LifecycleMappingFactory - Using org.eclipse.m2e.jdt.JarLifecycleMapping lifecycle mapping for MavenProject: com.example:configuration-client:0.0.1-SNAPSHOT @ /home/scriptuit/Projects/SpringConfigClient2/codebase/ConfigClient2/pom.xml.
2018-10-29 14:37:42,381 [Worker-5: Building workspace] INFO  o.e.m.c.i.embedder.EclipseLogger - Using 'UTF-8' encoding to copy filtered resources.
2018-10-29 14:37:42,381 [Worker-5: Building workspace] INFO  o.e.m.c.i.embedder.EclipseLogger - Copying 0 resource
2018-10-29 14:37:42,381 [Worker-5: Building workspace] INFO  o.e.m.c.i.embedder.EclipseLogger - Copying 0 resource
2018-10-29 14:37:42,384 [Worker-5: Building workspace] INFO  o.e.m.c.i.embedder.EclipseLogger - Using 'UTF-8' encoding to copy filtered resources.
2018-10-29 14:37:42,384 [Worker-5: Building workspace] INFO  o.e.m.c.i.embedder.EclipseLogger - skip non existing resourceDirectory /home/scriptuit/Projects/SpringConfigClient2/codebase/ConfigClient2/src/test/resources
2018-10-29 14:37:44,115 [Worker-8: Building workspace] INFO  o.e.m.c.i.embedder.EclipseLogger - Using 'UTF-8' encoding to copy filtered resources.
2018-10-29 14:37:44,133 [Worker-8: Building workspace] INFO  o.e.m.c.i.embedder.EclipseLogger - Copying 1 resource
2018-10-29 14:37:44,134 [Worker-8: Building workspace] INFO  o.e.m.c.i.embedder.EclipseLogger - Copying 1 resource
2018-10-29 14:37:44,137 [Worker-8: Building workspace] INFO  o.e.m.c.i.embedder.EclipseLogger - Using 'UTF-8' encoding to copy filtered resources.
2018-10-29 14:37:44,137 [Worker-8: Building workspace] INFO  o.e.m.c.i.embedder.EclipseLogger - skip non existing resourceDirectory /home/scriptuit/Projects/SpringConfigClient2/codebase/ConfigClient2/src/test/resources
2018-10-29 14:38:10,746 [Worker-8: Launching cs_run] INFO  o.e.m.i.launch.MavenLaunchDelegate - /home/scriptuit/Projects/SpringConfigServer/codebase/ConfigServer
2018-10-29 14:38:10,747 [Worker-8: Launching cs_run] INFO  o.e.m.i.launch.MavenLaunchDelegate -  mvn -B -Dmaven.test.skip=true -DskipTests spring-boot:run
2018-10-29 14:39:05,127 [Worker-4: Launching cc_run] INFO  o.e.m.i.launch.MavenLaunchDelegate - /home/scriptuit/Projects/SpringConfigClient2/codebase/ConfigClient2
2018-10-29 14:39:05,151 [Worker-4: Launching cc_run] INFO  o.e.m.i.launch.MavenLaunchDelegate -  mvn -B -Dmaven.test.skip=true -DskipTests spring-boot:run
2018-10-29 14:48:19,280 [Worker-19: Building workspace] INFO  o.e.m.c.i.embedder.EclipseLogger - Using 'UTF-8' encoding to copy filtered resources.
2018-10-29 14:48:19,303 [Worker-19: Building workspace] INFO  o.e.m.c.i.embedder.EclipseLogger - Copying 1 resource
2018-10-29 14:48:19,320 [Worker-19: Building workspace] INFO  o.e.m.c.i.embedder.EclipseLogger - Copying 0 resource
2018-10-29 14:48:19,326 [Worker-19: Building workspace] INFO  o.e.m.c.i.embedder.EclipseLogger - Using 'UTF-8' encoding to copy filtered resources.
2018-10-29 14:48:19,326 [Worker-19: Building workspace] INFO  o.e.m.c.i.embedder.EclipseLogger - skip non existing resourceDirectory /home/scriptuit/Projects/SpringConfigClient2/codebase/ConfigClient2/src/test/resources
2018-10-29 14:48:38,540 [Worker-20: Building workspace] INFO  o.e.m.c.i.l.LifecycleMappingFactory - Using org.eclipse.m2e.jdt.JarLifecycleMapping lifecycle mapping for MavenProject: com.example:configuration-client:0.0.1-SNAPSHOT @ /home/scriptuit/Projects/SpringConfigClient2/codebase/ConfigClient2/pom.xml.
2018-10-29 14:48:41,314 [Worker-20: Building workspace] INFO  o.e.m.c.i.embedder.EclipseLogger - Using 'UTF-8' encoding to copy filtered resources.
2018-10-29 14:48:41,315 [Worker-20: Building workspace] INFO  o.e.m.c.i.embedder.EclipseLogger - Copying 0 resource
2018-10-29 14:48:41,315 [Worker-20: Building workspace] INFO  o.e.m.c.i.embedder.EclipseLogger - Copying 0 resource
2018-10-29 14:48:41,316 [Worker-20: Building workspace] INFO  o.e.m.c.i.embedder.EclipseLogger - Using 'UTF-8' encoding to copy filtered resources.
2018-10-29 14:48:41,316 [Worker-20: Building workspace] INFO  o.e.m.c.i.embedder.EclipseLogger - skip non existing resourceDirectory /home/scriptuit/Projects/SpringConfigClient2/codebase/ConfigClient2/src/test/resources
2018-10-29 14:48:43,055 [Worker-19: Building workspace] INFO  o.e.m.c.i.embedder.EclipseLogger - Using 'UTF-8' encoding to copy filtered resources.
2018-10-29 14:48:43,056 [Worker-19: Building workspace] INFO  o.e.m.c.i.embedder.EclipseLogger - Copying 1 resource
2018-10-29 14:48:43,056 [Worker-19: Building workspace] INFO  o.e.m.c.i.embedder.EclipseLogger - Copying 1 resource
2018-10-29 14:48:43,060 [Worker-19: Building workspace] INFO  o.e.m.c.i.embedder.EclipseLogger - Using 'UTF-8' encoding to copy filtered resources.
2018-10-29 14:48:43,060 [Worker-19: Building workspace] INFO  o.e.m.c.i.embedder.EclipseLogger - skip non existing resourceDirectory /home/scriptuit/Projects/SpringConfigClient2/codebase/ConfigClient2/src/test/resources
2018-10-29 14:48:50,886 [Worker-2: Launching cs_run] INFO  o.e.m.i.launch.MavenLaunchDelegate - /home/scriptuit/Projects/SpringConfigServer/codebase/ConfigServer
2018-10-29 14:48:50,886 [Worker-2: Launching cs_run] INFO  o.e.m.i.launch.MavenLaunchDelegate -  mvn -B -Dmaven.test.skip=true -DskipTests spring-boot:run
2018-10-29 14:49:39,898 [Worker-4: Launching cc_run] INFO  o.e.m.i.launch.MavenLaunchDelegate - /home/scriptuit/Projects/SpringConfigClient2/codebase/ConfigClient2
2018-10-29 14:49:39,898 [Worker-4: Launching cc_run] INFO  o.e.m.i.launch.MavenLaunchDelegate -  mvn -B -Dmaven.test.skip=true -DskipTests spring-boot:run
2018-10-29 14:53:00,864 [Worker-17: Building workspace] INFO  o.e.m.c.i.embedder.EclipseLogger - Using 'UTF-8' encoding to copy filtered resources.
2018-10-29 14:53:00,881 [Worker-17: Building workspace] INFO  o.e.m.c.i.embedder.EclipseLogger - Copying 1 resource
2018-10-29 14:53:00,884 [Worker-17: Building workspace] INFO  o.e.m.c.i.embedder.EclipseLogger - Copying 0 resource
2018-10-29 14:53:00,889 [Worker-17: Building workspace] INFO  o.e.m.c.i.embedder.EclipseLogger - Using 'UTF-8' encoding to copy filtered resources.
2018-10-29 14:53:00,889 [Worker-17: Building workspace] INFO  o.e.m.c.i.embedder.EclipseLogger - skip non existing resourceDirectory /home/scriptuit/Projects/SpringConfigClient2/codebase/ConfigClient2/src/test/resources
2018-10-29 14:53:06,293 [Worker-19: Building workspace] INFO  o.e.m.c.i.l.LifecycleMappingFactory - Using org.eclipse.m2e.jdt.JarLifecycleMapping lifecycle mapping for MavenProject: com.example:configuration-client:0.0.1-SNAPSHOT @ /home/scriptuit/Projects/SpringConfigClient2/codebase/ConfigClient2/pom.xml.
2018-10-29 14:53:07,074 [Worker-19: Building workspace] INFO  o.e.m.c.i.embedder.EclipseLogger - Using 'UTF-8' encoding to copy filtered resources.
2018-10-29 14:53:07,074 [Worker-19: Building workspace] INFO  o.e.m.c.i.embedder.EclipseLogger - Copying 0 resource
2018-10-29 14:53:07,075 [Worker-19: Building workspace] INFO  o.e.m.c.i.embedder.EclipseLogger - Copying 0 resource
2018-10-29 14:53:07,078 [Worker-19: Building workspace] INFO  o.e.m.c.i.embedder.EclipseLogger - Using 'UTF-8' encoding to copy filtered resources.
2018-10-29 14:53:07,078 [Worker-19: Building workspace] INFO  o.e.m.c.i.embedder.EclipseLogger - skip non existing resourceDirectory /home/scriptuit/Projects/SpringConfigClient2/codebase/ConfigClient2/src/test/resources
2018-10-29 14:53:08,641 [Worker-17: Building workspace] INFO  o.e.m.c.i.embedder.EclipseLogger - Using 'UTF-8' encoding to copy filtered resources.
2018-10-29 14:53:08,641 [Worker-17: Building workspace] INFO  o.e.m.c.i.embedder.EclipseLogger - Copying 1 resource
2018-10-29 14:53:08,642 [Worker-17: Building workspace] INFO  o.e.m.c.i.embedder.EclipseLogger - Copying 1 resource
2018-10-29 14:53:08,645 [Worker-17: Building workspace] INFO  o.e.m.c.i.embedder.EclipseLogger - Using 'UTF-8' encoding to copy filtered resources.
2018-10-29 14:53:08,646 [Worker-17: Building workspace] INFO  o.e.m.c.i.embedder.EclipseLogger - skip non existing resourceDirectory /home/scriptuit/Projects/SpringConfigClient2/codebase/ConfigClient2/src/test/resources
2018-10-29 14:53:15,909 [Worker-17: Building workspace] INFO  o.e.m.c.i.embedder.EclipseLogger - Using 'UTF-8' encoding to copy filtered resources.
2018-10-29 14:53:15,909 [Worker-17: Building workspace] INFO  o.e.m.c.i.embedder.EclipseLogger - Copying 0 resource
2018-10-29 14:53:15,909 [Worker-17: Building workspace] INFO  o.e.m.c.i.embedder.EclipseLogger - Copying 1 resource
2018-10-29 14:53:15,912 [Worker-17: Building workspace] INFO  o.e.m.c.i.embedder.EclipseLogger - Using 'UTF-8' encoding to copy filtered resources.
2018-10-29 14:53:15,912 [Worker-17: Building workspace] INFO  o.e.m.c.i.embedder.EclipseLogger - skip non existing resourceDirectory /home/scriptuit/Projects/SpringConfigClient2/codebase/ConfigClient2/src/test/resources
2018-10-29 14:53:52,592 [Worker-11: Launching cc_run] INFO  o.e.m.i.launch.MavenLaunchDelegate - /home/scriptuit/Projects/SpringConfigClient2/codebase/ConfigClient2
2018-10-29 14:53:52,592 [Worker-11: Launching cc_run] INFO  o.e.m.i.launch.MavenLaunchDelegate -  mvn -B -Dmaven.test.skip=true -DskipTests spring-boot:run
2018-10-29 14:54:10,829 [Worker-17: Launching cs_run] INFO  o.e.m.i.launch.MavenLaunchDelegate - /home/scriptuit/Projects/SpringConfigServer/codebase/ConfigServer
2018-10-29 14:54:10,830 [Worker-17: Launching cs_run] INFO  o.e.m.i.launch.MavenLaunchDelegate -  mvn -B -Dmaven.test.skip=true -DskipTests spring-boot:run
2018-10-29 14:54:24,178 [Worker-17: Launching cc_run] INFO  o.e.m.i.launch.MavenLaunchDelegate - /home/scriptuit/Projects/SpringConfigClient2/codebase/ConfigClient2
2018-10-29 14:54:24,179 [Worker-17: Launching cc_run] INFO  o.e.m.i.launch.MavenLaunchDelegate -  mvn -B -Dmaven.test.skip=true -DskipTests spring-boot:run
2018-10-29 15:05:17,052 [Worker-23: Building workspace] INFO  o.e.m.c.i.embedder.EclipseLogger - Using 'UTF-8' encoding to copy filtered resources.
2018-10-29 15:05:17,072 [Worker-23: Building workspace] INFO  o.e.m.c.i.embedder.EclipseLogger - Copying 0 resource
2018-10-29 15:05:17,072 [Worker-23: Building workspace] INFO  o.e.m.c.i.embedder.EclipseLogger - Copying 1 resource
2018-10-29 15:05:17,084 [Worker-23: Building workspace] INFO  o.e.m.c.i.embedder.EclipseLogger - Using 'UTF-8' encoding to copy filtered resources.
2018-10-29 15:05:17,084 [Worker-23: Building workspace] INFO  o.e.m.c.i.embedder.EclipseLogger - skip non existing resourceDirectory /home/scriptuit/Projects/SpringConfigClient2/codebase/ConfigClient2/src/test/resources
2018-10-29 15:05:25,286 [Worker-22: Launching cc_run] INFO  o.e.m.i.launch.MavenLaunchDelegate - /home/scriptuit/Projects/SpringConfigClient2/codebase/ConfigClient2
2018-10-29 15:05:25,286 [Worker-22: Launching cc_run] INFO  o.e.m.i.launch.MavenLaunchDelegate -  mvn -B -Dmaven.test.skip=true -DskipTests spring-boot:run
2018-10-29 15:12:35,502 [Worker-25: Building workspace] INFO  o.e.m.c.i.embedder.EclipseLogger - Using 'UTF-8' encoding to copy filtered resources.
2018-10-29 15:12:35,503 [Worker-25: Building workspace] INFO  o.e.m.c.i.embedder.EclipseLogger - Copying 1 resource
2018-10-29 15:12:35,504 [Worker-25: Building workspace] INFO  o.e.m.c.i.embedder.EclipseLogger - Copying 0 resource
2018-10-29 15:12:35,509 [Worker-25: Building workspace] INFO  o.e.m.c.i.embedder.EclipseLogger - Using 'UTF-8' encoding to copy filtered resources.
2018-10-29 15:12:35,509 [Worker-25: Building workspace] INFO  o.e.m.c.i.embedder.EclipseLogger - skip non existing resourceDirectory /home/scriptuit/Projects/SpringConfigClient2/codebase/ConfigClient2/src/test/resources
2018-10-29 15:12:43,886 [Worker-23: Building workspace] INFO  o.e.m.c.i.embedder.EclipseLogger - Using 'UTF-8' encoding to copy filtered resources.
2018-10-29 15:12:43,887 [Worker-23: Building workspace] INFO  o.e.m.c.i.embedder.EclipseLogger - Copying 0 resource
2018-10-29 15:12:43,887 [Worker-23: Building workspace] INFO  o.e.m.c.i.embedder.EclipseLogger - Copying 1 resource
2018-10-29 15:12:43,893 [Worker-23: Building workspace] INFO  o.e.m.c.i.embedder.EclipseLogger - Using 'UTF-8' encoding to copy filtered resources.
2018-10-29 15:12:43,893 [Worker-23: Building workspace] INFO  o.e.m.c.i.embedder.EclipseLogger - skip non existing resourceDirectory /home/scriptuit/Projects/SpringConfigClient2/codebase/ConfigClient2/src/test/resources
2018-10-29 15:12:48,799 [Worker-24: Launching cc_run] INFO  o.e.m.i.launch.MavenLaunchDelegate - /home/scriptuit/Projects/SpringConfigClient2/codebase/ConfigClient2
2018-10-29 15:12:48,799 [Worker-24: Launching cc_run] INFO  o.e.m.i.launch.MavenLaunchDelegate -  mvn -B -Dmaven.test.skip=true -DskipTests spring-boot:run
2018-10-29 15:21:54,038 [Worker-23: Building workspace] INFO  o.e.m.c.i.embedder.EclipseLogger - Using 'UTF-8' encoding to copy filtered resources.
2018-10-29 15:21:54,049 [Worker-23: Building workspace] INFO  o.e.m.c.i.embedder.EclipseLogger - Copying 0 resource
2018-10-29 15:21:54,050 [Worker-23: Building workspace] INFO  o.e.m.c.i.embedder.EclipseLogger - Copying 1 resource
2018-10-29 15:21:54,133 [Worker-23: Building workspace] INFO  o.e.m.c.i.embedder.EclipseLogger - Using 'UTF-8' encoding to copy filtered resources.
2018-10-29 15:21:54,134 [Worker-23: Building workspace] INFO  o.e.m.c.i.embedder.EclipseLogger - skip non existing resourceDirectory /home/scriptuit/Projects/SpringConfigClient2/codebase/ConfigClient2/src/test/resources
2018-10-29 15:21:56,722 [Worker-32: Launching cc_run] INFO  o.e.m.i.launch.MavenLaunchDelegate - /home/scriptuit/Projects/SpringConfigClient2/codebase/ConfigClient2
2018-10-29 15:21:56,733 [Worker-32: Launching cc_run] INFO  o.e.m.i.launch.MavenLaunchDelegate -  mvn -B -Dmaven.test.skip=true -DskipTests spring-boot:run
2018-10-29 15:24:55,719 [Worker-30: Building workspace] INFO  o.e.m.c.i.embedder.EclipseLogger - Using 'UTF-8' encoding to copy filtered resources.
2018-10-29 15:24:55,720 [Worker-30: Building workspace] INFO  o.e.m.c.i.embedder.EclipseLogger - Copying 0 resource
2018-10-29 15:24:55,720 [Worker-30: Building workspace] INFO  o.e.m.c.i.embedder.EclipseLogger - Copying 1 resource
2018-10-29 15:24:55,725 [Worker-30: Building workspace] INFO  o.e.m.c.i.embedder.EclipseLogger - Using 'UTF-8' encoding to copy filtered resources.
2018-10-29 15:24:55,725 [Worker-30: Building workspace] INFO  o.e.m.c.i.embedder.EclipseLogger - skip non existing resourceDirectory /home/scriptuit/Projects/SpringConfigClient2/codebase/ConfigClient2/src/test/resources
2018-10-29 15:24:58,925 [Worker-32: Building workspace] INFO  o.e.m.c.i.embedder.EclipseLogger - Using 'UTF-8' encoding to copy filtered resources.
2018-10-29 15:24:58,926 [Worker-32: Building workspace] INFO  o.e.m.c.i.embedder.EclipseLogger - Copying 1 resource
2018-10-29 15:24:58,927 [Worker-32: Building workspace] INFO  o.e.m.c.i.embedder.EclipseLogger - Copying 0 resource
2018-10-29 15:24:58,931 [Worker-32: Building workspace] INFO  o.e.m.c.i.embedder.EclipseLogger - Using 'UTF-8' encoding to copy filtered resources.
2018-10-29 15:24:58,931 [Worker-32: Building workspace] INFO  o.e.m.c.i.embedder.EclipseLogger - skip non existing resourceDirectory /home/scriptuit/Projects/SpringConfigClient2/codebase/ConfigClient2/src/test/resources
2018-10-29 15:26:33,234 [Worker-30: Building workspace] INFO  o.e.m.c.i.embedder.EclipseLogger - Using 'UTF-8' encoding to copy filtered resources.
2018-10-29 15:26:33,234 [Worker-30: Building workspace] INFO  o.e.m.c.i.embedder.EclipseLogger - Copying 0 resource
2018-10-29 15:26:33,235 [Worker-30: Building workspace] INFO  o.e.m.c.i.embedder.EclipseLogger - Copying 1 resource
2018-10-29 15:26:33,249 [Worker-30: Building workspace] INFO  o.e.m.c.i.embedder.EclipseLogger - Using 'UTF-8' encoding to copy filtered resources.
2018-10-29 15:26:33,249 [Worker-30: Building workspace] INFO  o.e.m.c.i.embedder.EclipseLogger - skip non existing resourceDirectory /home/scriptuit/Projects/SpringConfigClient2/codebase/ConfigClient2/src/test/resources
2018-10-29 15:27:10,850 [Worker-30: Launching cs_run] INFO  o.e.m.i.launch.MavenLaunchDelegate - /home/scriptuit/Projects/SpringConfigServer/codebase/ConfigServer
2018-10-29 15:27:10,851 [Worker-30: Launching cs_run] INFO  o.e.m.i.launch.MavenLaunchDelegate -  mvn -B -Dmaven.test.skip=true -DskipTests spring-boot:run
2018-10-29 15:27:23,178 [Worker-30: Launching cc_run] INFO  o.e.m.i.launch.MavenLaunchDelegate - /home/scriptuit/Projects/SpringConfigClient2/codebase/ConfigClient2
2018-10-29 15:27:23,178 [Worker-30: Launching cc_run] INFO  o.e.m.i.launch.MavenLaunchDelegate -  mvn -B -Dmaven.test.skip=true -DskipTests spring-boot:run
2018-10-29 15:32:20,023 [Worker-39: Building workspace] INFO  o.e.m.c.i.embedder.EclipseLogger - Using 'UTF-8' encoding to copy filtered resources.
2018-10-29 15:32:20,024 [Worker-39: Building workspace] INFO  o.e.m.c.i.embedder.EclipseLogger - Copying 0 resource
2018-10-29 15:32:20,024 [Worker-39: Building workspace] INFO  o.e.m.c.i.embedder.EclipseLogger - Copying 1 resource
2018-10-29 15:32:20,040 [Worker-39: Building workspace] INFO  o.e.m.c.i.embedder.EclipseLogger - Using 'UTF-8' encoding to copy filtered resources.
2018-10-29 15:32:20,040 [Worker-39: Building workspace] INFO  o.e.m.c.i.embedder.EclipseLogger - skip non existing resourceDirectory /home/scriptuit/Projects/SpringConfigClient2/codebase/ConfigClient2/src/test/resources
2018-10-29 16:42:04,127 [Worker-59: Launching cs_run] INFO  o.e.m.i.launch.MavenLaunchDelegate - /home/scriptuit/Projects/SpringConfigServer/codebase/ConfigServer
2018-10-29 16:42:04,163 [Worker-59: Launching cs_run] INFO  o.e.m.i.launch.MavenLaunchDelegate -  mvn -B -Dmaven.test.skip=true -DskipTests spring-boot:run
2018-10-29 17:13:36,936 [Worker-71: Launching cs_run] INFO  o.e.m.i.launch.MavenLaunchDelegate - /home/scriptuit/Projects/SpringConfigServer/codebase/ConfigServer
2018-10-29 17:13:36,981 [Worker-71: Launching cs_run] INFO  o.e.m.i.launch.MavenLaunchDelegate -  mvn -B -Dmaven.test.skip=true -DskipTests spring-boot:run
2018-10-29 17:30:12,987 [Worker-81: Building workspace] INFO  o.e.m.c.i.embedder.EclipseLogger - Using 'UTF-8' encoding to copy filtered resources.
2018-10-29 17:30:13,008 [Worker-81: Building workspace] INFO  o.e.m.c.i.embedder.EclipseLogger - Copying 1 resource
2018-10-29 17:30:13,010 [Worker-81: Building workspace] INFO  o.e.m.c.i.embedder.EclipseLogger - Copying 0 resource
2018-10-29 17:30:13,020 [Worker-81: Building workspace] INFO  o.e.m.c.i.embedder.EclipseLogger - Using 'UTF-8' encoding to copy filtered resources.
2018-10-29 17:30:13,021 [Worker-81: Building workspace] INFO  o.e.m.c.i.embedder.EclipseLogger - skip non existing resourceDirectory /home/scriptuit/Projects/SpringConfigServer/codebase/ConfigServer/src/test/resources
2018-10-29 17:31:17,675 [Worker-79: Building workspace] INFO  o.e.m.c.i.embedder.EclipseLogger - Using 'UTF-8' encoding to copy filtered resources.
2018-10-29 17:31:17,797 [Worker-79: Building workspace] INFO  o.e.m.c.i.embedder.EclipseLogger - Copying 1 resource
2018-10-29 17:31:17,831 [Worker-79: Building workspace] INFO  o.e.m.c.i.embedder.EclipseLogger - Copying 0 resource
2018-10-29 17:31:17,839 [Worker-79: Building workspace] INFO  o.e.m.c.i.embedder.EclipseLogger - Using 'UTF-8' encoding to copy filtered resources.
2018-10-29 17:31:17,839 [Worker-79: Building workspace] INFO  o.e.m.c.i.embedder.EclipseLogger - skip non existing resourceDirectory /home/scriptuit/Projects/SpringConfigServer/codebase/ConfigServer/src/test/resources
2018-10-29 17:36:56,195 [Worker-83: Launching cs_run] INFO  o.e.m.i.launch.MavenLaunchDelegate - /home/scriptuit/Projects/SpringConfigServer/codebase/ConfigServer
2018-10-29 17:36:56,195 [Worker-83: Launching cs_run] INFO  o.e.m.i.launch.MavenLaunchDelegate -  mvn -B -Dmaven.test.skip=true -DskipTests spring-boot:run
2018-10-29 17:57:27,032 [Worker-94: Launching cs_run] INFO  o.e.m.i.launch.MavenLaunchDelegate - /home/scriptuit/Projects/SpringConfigServer/codebase/ConfigServer
2018-10-29 17:57:27,246 [Worker-94: Launching cs_run] INFO  o.e.m.i.launch.MavenLaunchDelegate -  mvn -B -Dmaven.test.skip=true -DskipTests spring-boot:run
2018-10-30 11:26:01,548 [Worker-4: Loading available Gradle versions] INFO  c.g.t.t.d.PublishedGradleVersions - Gradle version information cache is out-of-date. Trying to update.
2018-10-30 11:27:07,468 [Worker-6: Launching cs_run] INFO  o.e.m.i.launch.MavenLaunchDelegate - /home/scriptuit/Projects/SpringConfigServer/codebase/ConfigServer
2018-10-30 11:27:07,500 [Worker-6: Launching cs_run] INFO  o.e.m.i.launch.MavenLaunchDelegate -  mvn -B -Dmaven.test.skip=true -DskipTests spring-boot:run
2018-10-30 12:17:43,168 [Worker-1: Loading available Gradle versions] INFO  c.g.t.t.d.PublishedGradleVersions - Gradle version information cache is up-to-date. Trying to read.
2018-10-30 12:17:58,299 [Worker-1: Building workspace] INFO  o.e.m.c.i.embedder.EclipseLogger - Using 'UTF-8' encoding to copy filtered resources.
2018-10-30 12:17:58,308 [Worker-1: Building workspace] INFO  o.e.m.c.i.embedder.EclipseLogger - Copying 1 resource
2018-10-30 12:17:58,381 [Worker-1: Building workspace] INFO  o.e.m.c.i.embedder.EclipseLogger - Copying 1 resource
2018-10-30 12:17:58,396 [Worker-1: Building workspace] INFO  o.e.m.c.i.embedder.EclipseLogger - Using 'UTF-8' encoding to copy filtered resources.
2018-10-30 12:17:58,397 [Worker-1: Building workspace] INFO  o.e.m.c.i.embedder.EclipseLogger - skip non existing resourceDirectory /home/scriptuit/Projects/SpringConfigClient2/codebase/ConfigClient2/src/test/resources
2018-10-30 12:17:59,704 [Worker-1: Building workspace] INFO  o.e.m.c.i.embedder.EclipseLogger - Using 'UTF-8' encoding to copy filtered resources.
2018-10-30 12:17:59,705 [Worker-1: Building workspace] INFO  o.e.m.c.i.embedder.EclipseLogger - Copying 1 resource
2018-10-30 12:17:59,735 [Worker-1: Building workspace] INFO  o.e.m.c.i.embedder.EclipseLogger - Copying 0 resource
2018-10-30 12:17:59,737 [Worker-1: Building workspace] INFO  o.e.m.c.i.embedder.EclipseLogger - Using 'UTF-8' encoding to copy filtered resources.
2018-10-30 12:17:59,737 [Worker-1: Building workspace] INFO  o.e.m.c.i.embedder.EclipseLogger - skip non existing resourceDirectory /home/scriptuit/Projects/SpringConfigServer/codebase/ConfigServer/src/test/resources
2018-10-30 12:18:01,692 [Worker-8: Launching cs_run] INFO  o.e.m.i.launch.MavenLaunchDelegate - /home/scriptuit/Projects/SpringConfigServer/codebase/ConfigServer
2018-10-30 12:18:01,697 [Worker-8: Launching cs_run] INFO  o.e.m.i.launch.MavenLaunchDelegate -  mvn -B -Dmaven.test.skip=true -DskipTests spring-boot:run
2018-10-30 13:09:51,690 [Worker-4: Loading available Gradle versions] INFO  c.g.t.t.d.PublishedGradleVersions - Gradle version information cache is up-to-date. Trying to read.
2018-10-30 13:10:01,808 [Worker-2: Building workspace] INFO  o.e.m.c.i.embedder.EclipseLogger - Using 'UTF-8' encoding to copy filtered resources.
2018-10-30 13:10:01,816 [Worker-2: Building workspace] INFO  o.e.m.c.i.embedder.EclipseLogger - Copying 1 resource
2018-10-30 13:10:01,881 [Worker-2: Building workspace] INFO  o.e.m.c.i.embedder.EclipseLogger - Copying 1 resource
2018-10-30 13:10:01,888 [Worker-2: Building workspace] INFO  o.e.m.c.i.embedder.EclipseLogger - Using 'UTF-8' encoding to copy filtered resources.
2018-10-30 13:10:01,888 [Worker-2: Building workspace] INFO  o.e.m.c.i.embedder.EclipseLogger - skip non existing resourceDirectory /home/scriptuit/Projects/SpringConfigClient2/codebase/ConfigClient2/src/test/resources
2018-10-30 13:11:36,170 [Worker-12: Launching cs_run] INFO  o.e.m.i.launch.MavenLaunchDelegate - /home/scriptuit/Projects/SpringConfigServer/codebase/ConfigServer
2018-10-30 13:11:36,171 [Worker-12: Launching cs_run] INFO  o.e.m.i.launch.MavenLaunchDelegate -  mvn -B -Dmaven.test.skip=true -DskipTests spring-boot:run
2018-10-30 14:22:12,108 [Worker-3: Loading available Gradle versions] INFO  c.g.t.t.d.PublishedGradleVersions - Gradle version information cache is up-to-date. Trying to read.
2018-10-30 14:25:04,022 [Worker-8: Building workspace] INFO  o.e.m.c.i.embedder.EclipseLogger - Using 'UTF-8' encoding to copy filtered resources.
2018-10-30 14:25:04,275 [Worker-8: Building workspace] INFO  o.e.m.c.i.embedder.EclipseLogger - Copying 1 resource
2018-10-30 14:25:04,555 [Worker-8: Building workspace] INFO  o.e.m.c.i.embedder.EclipseLogger - Copying 1 resource
2018-10-30 14:25:04,700 [Worker-8: Building workspace] INFO  o.e.m.c.i.embedder.EclipseLogger - Using 'UTF-8' encoding to copy filtered resources.
2018-10-30 14:25:04,734 [Worker-8: Building workspace] INFO  o.e.m.c.i.embedder.EclipseLogger - skip non existing resourceDirectory /home/scriptuit/Projects/SpringConfigClient2/codebase/ConfigClient2/src/test/resources
2018-10-30 14:25:16,508 [Worker-8: Building workspace] INFO  o.e.m.c.i.embedder.EclipseLogger - Using 'UTF-8' encoding to copy filtered resources.
2018-10-30 14:25:16,876 [Worker-8: Building workspace] INFO  o.e.m.c.i.embedder.EclipseLogger - Copying 1 resource
2018-10-30 14:25:16,989 [Worker-8: Building workspace] INFO  o.e.m.c.i.embedder.EclipseLogger - Copying 0 resource
2018-10-30 14:25:16,992 [Worker-8: Building workspace] INFO  o.e.m.c.i.embedder.EclipseLogger - Using 'UTF-8' encoding to copy filtered resources.
2018-10-30 14:25:17,129 [Worker-8: Building workspace] INFO  o.e.m.c.i.embedder.EclipseLogger - skip non existing resourceDirectory /home/scriptuit/Projects/SpringConfigServer/codebase/ConfigServer/src/test/resources
2018-10-30 14:27:14,138 [Worker-19: Launching cs_run] INFO  o.e.m.i.launch.MavenLaunchDelegate - /home/scriptuit/Projects/SpringConfigServer/codebase/ConfigServer
2018-10-30 14:27:14,187 [Worker-19: Launching cs_run] INFO  o.e.m.i.launch.MavenLaunchDelegate -  mvn -B -Dmaven.test.skip=true -DskipTests spring-boot:run
2018-10-30 15:57:42,682 [Worker-50: Launching cs_run] INFO  o.e.m.i.launch.MavenLaunchDelegate - /home/scriptuit/Projects/SpringConfigServer/codebase/ConfigServer
2018-10-30 15:57:42,726 [Worker-50: Launching cs_run] INFO  o.e.m.i.launch.MavenLaunchDelegate -  mvn -B -Dmaven.test.skip=true -DskipTests spring-boot:run
2018-10-30 16:14:38,309 [Worker-59: Building workspace] INFO  o.e.m.c.i.embedder.EclipseLogger - Using 'UTF-8' encoding to copy filtered resources.
2018-10-30 16:14:38,400 [Worker-59: Building workspace] INFO  o.e.m.c.i.embedder.EclipseLogger - Copying 1 resource
2018-10-30 16:14:38,422 [Worker-59: Building workspace] INFO  o.e.m.c.i.embedder.EclipseLogger - Copying 0 resource
2018-10-30 16:14:38,430 [Worker-59: Building workspace] INFO  o.e.m.c.i.embedder.EclipseLogger - Using 'UTF-8' encoding to copy filtered resources.
2018-10-30 16:14:38,430 [Worker-59: Building workspace] INFO  o.e.m.c.i.embedder.EclipseLogger - skip non existing resourceDirectory /home/scriptuit/Projects/SpringConfigServer/codebase/ConfigServer/src/test/resources
2018-10-30 16:14:40,993 [Worker-57: Launching cs_run] INFO  o.e.m.i.launch.MavenLaunchDelegate - /home/scriptuit/Projects/SpringConfigServer/codebase/ConfigServer
2018-10-30 16:14:40,994 [Worker-57: Launching cs_run] INFO  o.e.m.i.launch.MavenLaunchDelegate -  mvn -B -Dmaven.test.skip=true -DskipTests spring-boot:run
2018-10-30 16:21:20,076 [Worker-55: Building workspace] INFO  o.e.m.c.i.embedder.EclipseLogger - Using 'UTF-8' encoding to copy filtered resources.
2018-10-30 16:21:20,126 [Worker-55: Building workspace] INFO  o.e.m.c.i.embedder.EclipseLogger - Copying 1 resource
2018-10-30 16:21:20,148 [Worker-55: Building workspace] INFO  o.e.m.c.i.embedder.EclipseLogger - Copying 0 resource
2018-10-30 16:21:20,167 [Worker-55: Building workspace] INFO  o.e.m.c.i.embedder.EclipseLogger - Using 'UTF-8' encoding to copy filtered resources.
2018-10-30 16:21:20,167 [Worker-55: Building workspace] INFO  o.e.m.c.i.embedder.EclipseLogger - skip non existing resourceDirectory /home/scriptuit/Projects/SpringConfigServer/codebase/ConfigServer/src/test/resources
2018-10-30 16:24:05,690 [Worker-65: Building workspace] INFO  o.e.m.c.i.embedder.EclipseLogger - Using 'UTF-8' encoding to copy filtered resources.
2018-10-30 16:24:05,690 [Worker-65: Building workspace] INFO  o.e.m.c.i.embedder.EclipseLogger - Copying 1 resource
2018-10-30 16:24:05,691 [Worker-65: Building workspace] INFO  o.e.m.c.i.embedder.EclipseLogger - Copying 0 resource
2018-10-30 16:24:05,694 [Worker-65: Building workspace] INFO  o.e.m.c.i.embedder.EclipseLogger - Using 'UTF-8' encoding to copy filtered resources.
2018-10-30 16:24:05,694 [Worker-65: Building workspace] INFO  o.e.m.c.i.embedder.EclipseLogger - skip non existing resourceDirectory /home/scriptuit/Projects/SpringConfigServer/codebase/ConfigServer/src/test/resources
2018-10-30 16:24:15,042 [Worker-65: Launching cs_run] INFO  o.e.m.i.launch.MavenLaunchDelegate - /home/scriptuit/Projects/SpringConfigServer/codebase/ConfigServer
2018-10-30 16:24:15,043 [Worker-65: Launching cs_run] INFO  o.e.m.i.launch.MavenLaunchDelegate -  mvn -B -Dmaven.test.skip=true -DskipTests spring-boot:run
2018-10-30 16:42:04,334 [Worker-0: Loading available Gradle versions] INFO  c.g.t.t.d.PublishedGradleVersions - Gradle version information cache is up-to-date. Trying to read.
2018-10-30 16:43:06,827 [Worker-9: Building workspace] INFO  o.e.m.c.i.embedder.EclipseLogger - Using 'UTF-8' encoding to copy filtered resources.
2018-10-30 16:43:07,275 [Worker-9: Building workspace] INFO  o.e.m.c.i.embedder.EclipseLogger - Copying 1 resource
2018-10-30 16:43:07,368 [Worker-9: Building workspace] INFO  o.e.m.c.i.embedder.EclipseLogger - Copying 1 resource
2018-10-30 16:43:07,647 [Worker-9: Building workspace] INFO  o.e.m.c.i.embedder.EclipseLogger - Using 'UTF-8' encoding to copy filtered resources.
2018-10-30 16:43:07,703 [Worker-9: Building workspace] INFO  o.e.m.c.i.embedder.EclipseLogger - skip non existing resourceDirectory /home/scriptuit/Projects/SpringConfigClient2/codebase/ConfigClient2/src/test/resources
2018-10-30 16:43:43,723 [Worker-9: Building workspace] INFO  o.e.m.c.i.embedder.EclipseLogger - Using 'UTF-8' encoding to copy filtered resources.
2018-10-30 16:43:43,945 [Worker-9: Building workspace] INFO  o.e.m.c.i.embedder.EclipseLogger - Copying 1 resource
2018-10-30 16:43:44,024 [Worker-9: Building workspace] INFO  o.e.m.c.i.embedder.EclipseLogger - Copying 0 resource
2018-10-30 16:43:44,030 [Worker-9: Building workspace] INFO  o.e.m.c.i.embedder.EclipseLogger - Using 'UTF-8' encoding to copy filtered resources.
2018-10-30 16:43:44,030 [Worker-9: Building workspace] INFO  o.e.m.c.i.embedder.EclipseLogger - skip non existing resourceDirectory /home/scriptuit/Projects/SpringConfigServer/codebase/ConfigServer/src/test/resources
2018-10-30 16:44:22,768 [Worker-1: Launching cs_run] INFO  o.e.m.i.launch.MavenLaunchDelegate - /home/scriptuit/Projects/SpringConfigServer/codebase/ConfigServer
2018-10-30 16:44:22,806 [Worker-1: Launching cs_run] INFO  o.e.m.i.launch.MavenLaunchDelegate -  mvn -B -Dmaven.test.skip=true -DskipTests spring-boot:run
2018-10-30 17:00:22,617 [Worker-20: Building workspace] INFO  o.e.m.c.i.embedder.EclipseLogger - Using 'UTF-8' encoding to copy filtered resources.
2018-10-30 17:00:22,714 [Worker-20: Building workspace] INFO  o.e.m.c.i.embedder.EclipseLogger - Copying 1 resource
2018-10-30 17:00:22,735 [Worker-20: Building workspace] INFO  o.e.m.c.i.embedder.EclipseLogger - Copying 0 resource
2018-10-30 17:00:22,738 [Worker-20: Building workspace] INFO  o.e.m.c.i.embedder.EclipseLogger - Using 'UTF-8' encoding to copy filtered resources.
2018-10-30 17:00:22,738 [Worker-20: Building workspace] INFO  o.e.m.c.i.embedder.EclipseLogger - skip non existing resourceDirectory /home/scriptuit/Projects/SpringConfigServer/codebase/ConfigServer/src/test/resources
2018-10-30 17:06:08,208 [Worker-5: Launching cs_run] INFO  o.e.m.i.launch.MavenLaunchDelegate - /home/scriptuit/Projects/SpringConfigServer/codebase/ConfigServer
2018-10-30 17:06:08,208 [Worker-5: Launching cs_run] INFO  o.e.m.i.launch.MavenLaunchDelegate -  mvn -B -Dmaven.test.skip=true -DskipTests spring-boot:run
2018-10-30 17:43:32,899 [Worker-34: Building workspace] INFO  o.e.m.c.i.embedder.EclipseLogger - Using 'UTF-8' encoding to copy filtered resources.
2018-10-30 17:43:33,160 [Worker-34: Building workspace] INFO  o.e.m.c.i.embedder.EclipseLogger - Copying 1 resource
2018-10-30 17:43:33,162 [Worker-34: Building workspace] INFO  o.e.m.c.i.embedder.EclipseLogger - Copying 0 resource
2018-10-30 17:43:33,169 [Worker-34: Building workspace] INFO  o.e.m.c.i.embedder.EclipseLogger - Using 'UTF-8' encoding to copy filtered resources.
2018-10-30 17:43:33,264 [Worker-34: Building workspace] INFO  o.e.m.c.i.embedder.EclipseLogger - skip non existing resourceDirectory /home/scriptuit/Projects/SpringConfigServer/codebase/ConfigServer/src/test/resources
2018-10-30 17:44:49,102 [Worker-34: Building workspace] INFO  o.e.m.c.i.embedder.EclipseLogger - Using 'UTF-8' encoding to copy filtered resources.
2018-10-30 17:44:49,103 [Worker-34: Building workspace] INFO  o.e.m.c.i.embedder.EclipseLogger - Copying 1 resource
2018-10-30 17:44:49,104 [Worker-34: Building workspace] INFO  o.e.m.c.i.embedder.EclipseLogger - Copying 0 resource
2018-10-30 17:44:49,108 [Worker-34: Building workspace] INFO  o.e.m.c.i.embedder.EclipseLogger - Using 'UTF-8' encoding to copy filtered resources.
2018-10-30 17:44:49,108 [Worker-34: Building workspace] INFO  o.e.m.c.i.embedder.EclipseLogger - skip non existing resourceDirectory /home/scriptuit/Projects/SpringConfigServer/codebase/ConfigServer/src/test/resources
2018-10-30 17:44:53,954 [Worker-30: Launching cs_run] INFO  o.e.m.i.launch.MavenLaunchDelegate - /home/scriptuit/Projects/SpringConfigServer/codebase/ConfigServer
2018-10-30 17:44:53,955 [Worker-30: Launching cs_run] INFO  o.e.m.i.launch.MavenLaunchDelegate -  mvn -B -Dmaven.test.skip=true -DskipTests spring-boot:run
2018-10-30 17:55:51,818 [Worker-39: Building workspace] INFO  o.e.m.c.i.embedder.EclipseLogger - Using 'UTF-8' encoding to copy filtered resources.
2018-10-30 17:55:51,937 [Worker-39: Building workspace] INFO  o.e.m.c.i.embedder.EclipseLogger - Copying 1 resource
2018-10-30 17:55:51,958 [Worker-39: Building workspace] INFO  o.e.m.c.i.embedder.EclipseLogger - Copying 0 resource
2018-10-30 17:55:51,964 [Worker-39: Building workspace] INFO  o.e.m.c.i.embedder.EclipseLogger - Using 'UTF-8' encoding to copy filtered resources.
2018-10-30 17:55:51,964 [Worker-39: Building workspace] INFO  o.e.m.c.i.embedder.EclipseLogger - skip non existing resourceDirectory /home/scriptuit/Projects/SpringConfigServer/codebase/ConfigServer/src/test/resources
2018-10-30 18:34:05,454 [Worker-49: Launching cs_run] INFO  o.e.m.i.launch.MavenLaunchDelegate - /home/scriptuit/Projects/SpringConfigServer/codebase/ConfigServer
2018-10-30 18:34:05,454 [Worker-49: Launching cs_run] INFO  o.e.m.i.launch.MavenLaunchDelegate -  mvn -B -Dmaven.test.skip=true -DskipTests spring-boot:run
2018-10-31 12:10:47,007 [Worker-6: Loading available Gradle versions] INFO  c.g.t.t.d.PublishedGradleVersions - Gradle version information cache is out-of-date. Trying to update.
2018-10-31 12:12:32,963 [Worker-6: Building workspace] INFO  o.e.m.c.i.embedder.EclipseLogger - Using 'UTF-8' encoding to copy filtered resources.
2018-10-31 12:12:33,121 [Worker-6: Building workspace] INFO  o.e.m.c.i.embedder.EclipseLogger - Copying 1 resource
2018-10-31 12:12:33,221 [Worker-6: Building workspace] INFO  o.e.m.c.i.embedder.EclipseLogger - Copying 1 resource
2018-10-31 12:12:33,460 [Worker-6: Building workspace] INFO  o.e.m.c.i.embedder.EclipseLogger - Using 'UTF-8' encoding to copy filtered resources.
2018-10-31 12:12:33,490 [Worker-6: Building workspace] INFO  o.e.m.c.i.embedder.EclipseLogger - skip non existing resourceDirectory /home/scriptuit/Projects/SpringConfigClient2/codebase/ConfigClient2/src/test/resources
2018-10-31 12:24:06,949 [Worker-22: Launching cs_run] INFO  o.e.m.i.launch.MavenLaunchDelegate - /home/scriptuit/Projects/SpringConfigServer/codebase/ConfigServer
2018-10-31 12:24:06,981 [Worker-22: Launching cs_run] INFO  o.e.m.i.launch.MavenLaunchDelegate -  mvn -B -Dmaven.test.skip=true -DskipTests spring-boot:run
2018-10-31 12:47:18,306 [Worker-29: Launching cs_run] INFO  o.e.m.i.launch.MavenLaunchDelegate - /home/scriptuit/Projects/SpringConfigServer/codebase/ConfigServer
2018-10-31 12:47:18,337 [Worker-29: Launching cs_run] INFO  o.e.m.i.launch.MavenLaunchDelegate -  mvn -B -Dmaven.test.skip=true -DskipTests spring-boot:run
2018-10-31 13:22:21,875 [Worker-0: Loading available Gradle versions] INFO  c.g.t.t.d.PublishedGradleVersions - Gradle version information cache is up-to-date. Trying to read.
2018-10-31 13:22:42,470 [Worker-6: Building workspace] INFO  o.e.m.c.i.embedder.EclipseLogger - Using 'UTF-8' encoding to copy filtered resources.
2018-10-31 13:22:42,474 [Worker-6: Building workspace] INFO  o.e.m.c.i.embedder.EclipseLogger - Copying 1 resource
2018-10-31 13:22:42,496 [Worker-6: Building workspace] INFO  o.e.m.c.i.embedder.EclipseLogger - Copying 1 resource
2018-10-31 13:22:42,540 [Worker-6: Building workspace] INFO  o.e.m.c.i.embedder.EclipseLogger - Using 'UTF-8' encoding to copy filtered resources.
2018-10-31 13:22:42,540 [Worker-6: Building workspace] INFO  o.e.m.c.i.embedder.EclipseLogger - skip non existing resourceDirectory /home/scriptuit/Projects/SpringConfigClient2/codebase/ConfigClient2/src/test/resources
2018-10-31 13:22:43,896 [Worker-6: Building workspace] INFO  o.e.m.c.i.embedder.EclipseLogger - Using 'UTF-8' encoding to copy filtered resources.
2018-10-31 13:22:43,896 [Worker-6: Building workspace] INFO  o.e.m.c.i.embedder.EclipseLogger - Copying 1 resource
2018-10-31 13:22:43,910 [Worker-6: Building workspace] INFO  o.e.m.c.i.embedder.EclipseLogger - Copying 0 resource
2018-10-31 13:22:43,913 [Worker-6: Building workspace] INFO  o.e.m.c.i.embedder.EclipseLogger - Using 'UTF-8' encoding to copy filtered resources.
2018-10-31 13:22:43,913 [Worker-6: Building workspace] INFO  o.e.m.c.i.embedder.EclipseLogger - skip non existing resourceDirectory /home/scriptuit/Projects/SpringConfigServer/codebase/ConfigServer/src/test/resources
2018-10-31 13:29:11,804 [Worker-1: Launching cs_run] INFO  o.e.m.i.launch.MavenLaunchDelegate - /home/scriptuit/Projects/SpringConfigServer/codebase/ConfigServer
2018-10-31 13:29:11,808 [Worker-1: Launching cs_run] INFO  o.e.m.i.launch.MavenLaunchDelegate -  mvn -B -Dmaven.test.skip=true -DskipTests spring-boot:run
2018-10-31 13:47:30,265 [Worker-12: Launching cs_run] INFO  o.e.m.i.launch.MavenLaunchDelegate - /home/scriptuit/Projects/SpringConfigServer/codebase/ConfigServer
2018-10-31 13:47:30,306 [Worker-12: Launching cs_run] INFO  o.e.m.i.launch.MavenLaunchDelegate -  mvn -B -Dmaven.test.skip=true -DskipTests spring-boot:run
2018-10-31 14:45:59,534 [Worker-1: Loading available Gradle versions] INFO  c.g.t.t.d.PublishedGradleVersions - Gradle version information cache is up-to-date. Trying to read.
2018-10-31 14:46:12,594 [Worker-8: Building workspace] INFO  o.e.m.c.i.embedder.EclipseLogger - Using 'UTF-8' encoding to copy filtered resources.
2018-10-31 14:46:12,606 [Worker-8: Building workspace] INFO  o.e.m.c.i.embedder.EclipseLogger - Copying 1 resource
2018-10-31 14:46:12,662 [Worker-8: Building workspace] INFO  o.e.m.c.i.embedder.EclipseLogger - Copying 1 resource
2018-10-31 14:46:12,689 [Worker-8: Building workspace] INFO  o.e.m.c.i.embedder.EclipseLogger - Using 'UTF-8' encoding to copy filtered resources.
2018-10-31 14:46:12,690 [Worker-8: Building workspace] INFO  o.e.m.c.i.embedder.EclipseLogger - skip non existing resourceDirectory /home/scriptuit/Projects/SpringConfigClient2/codebase/ConfigClient2/src/test/resources
2018-10-31 14:46:15,083 [Worker-8: Building workspace] INFO  o.e.m.c.i.embedder.EclipseLogger - Using 'UTF-8' encoding to copy filtered resources.
2018-10-31 14:46:15,083 [Worker-8: Building workspace] INFO  o.e.m.c.i.embedder.EclipseLogger - Copying 1 resource
2018-10-31 14:46:15,084 [Worker-8: Building workspace] INFO  o.e.m.c.i.embedder.EclipseLogger - Copying 0 resource
2018-10-31 14:46:15,086 [Worker-8: Building workspace] INFO  o.e.m.c.i.embedder.EclipseLogger - Using 'UTF-8' encoding to copy filtered resources.
2018-10-31 14:46:15,087 [Worker-8: Building workspace] INFO  o.e.m.c.i.embedder.EclipseLogger - skip non existing resourceDirectory /home/scriptuit/Projects/SpringConfigServer/codebase/ConfigServer/src/test/resources
2018-10-31 14:46:58,035 [Worker-11: Launching cs_run] INFO  o.e.m.i.launch.MavenLaunchDelegate - /home/scriptuit/Projects/SpringConfigServer/codebase/ConfigServer
2018-10-31 14:46:58,039 [Worker-11: Launching cs_run] INFO  o.e.m.i.launch.MavenLaunchDelegate -  mvn -B -Dmaven.test.skip=true -DskipTests spring-boot:run
2018-10-31 15:22:42,723 [Worker-27: Building workspace] INFO  o.e.m.c.i.l.LifecycleMappingFactory - Using org.eclipse.m2e.jdt.JarLifecycleMapping lifecycle mapping for MavenProject: com.example:configuration-service:0.0.1-SNAPSHOT @ /home/scriptuit/Projects/SpringConfigServer/codebase/ConfigServer/pom.xml.
2018-10-31 15:22:45,506 [Worker-27: Building workspace] INFO  o.e.m.c.i.embedder.EclipseLogger - Using 'UTF-8' encoding to copy filtered resources.
2018-10-31 15:22:45,559 [Worker-27: Building workspace] INFO  o.e.m.c.i.embedder.EclipseLogger - Copying 0 resource
2018-10-31 15:22:45,560 [Worker-27: Building workspace] INFO  o.e.m.c.i.embedder.EclipseLogger - Copying 0 resource
2018-10-31 15:22:45,563 [Worker-27: Building workspace] INFO  o.e.m.c.i.embedder.EclipseLogger - Using 'UTF-8' encoding to copy filtered resources.
2018-10-31 15:22:45,563 [Worker-27: Building workspace] INFO  o.e.m.c.i.embedder.EclipseLogger - skip non existing resourceDirectory /home/scriptuit/Projects/SpringConfigServer/codebase/ConfigServer/src/test/resources
2018-10-31 15:22:51,624 [Worker-26: Building workspace] INFO  o.e.m.c.i.embedder.EclipseLogger - Using 'UTF-8' encoding to copy filtered resources.
2018-10-31 15:22:51,836 [Worker-26: Building workspace] INFO  o.e.m.c.i.embedder.EclipseLogger - Copying 1 resource
2018-10-31 15:22:51,852 [Worker-26: Building workspace] INFO  o.e.m.c.i.embedder.EclipseLogger - Copying 0 resource
2018-10-31 15:22:51,856 [Worker-26: Building workspace] INFO  o.e.m.c.i.embedder.EclipseLogger - Using 'UTF-8' encoding to copy filtered resources.
2018-10-31 15:22:51,856 [Worker-26: Building workspace] INFO  o.e.m.c.i.embedder.EclipseLogger - skip non existing resourceDirectory /home/scriptuit/Projects/SpringConfigServer/codebase/ConfigServer/src/test/resources
2018-10-31 15:24:18,085 [Worker-28: Launching cs_run] INFO  o.e.m.i.launch.MavenLaunchDelegate - /home/scriptuit/Projects/SpringConfigServer/codebase/ConfigServer
2018-10-31 15:24:18,085 [Worker-28: Launching cs_run] INFO  o.e.m.i.launch.MavenLaunchDelegate -  mvn -B -Dmaven.test.skip=true -DskipTests spring-boot:run
2018-10-31 16:19:34,703 [Worker-0: Loading available Gradle versions] INFO  c.g.t.t.d.PublishedGradleVersions - Gradle version information cache is up-to-date. Trying to read.
2018-10-31 16:19:54,182 [Worker-3: Building workspace] INFO  o.e.m.c.i.embedder.EclipseLogger - Using 'UTF-8' encoding to copy filtered resources.
2018-10-31 16:19:54,186 [Worker-3: Building workspace] INFO  o.e.m.c.i.embedder.EclipseLogger - Copying 1 resource
2018-10-31 16:19:54,215 [Worker-3: Building workspace] INFO  o.e.m.c.i.embedder.EclipseLogger - Copying 1 resource
2018-10-31 16:19:54,231 [Worker-3: Building workspace] INFO  o.e.m.c.i.embedder.EclipseLogger - Using 'UTF-8' encoding to copy filtered resources.
2018-10-31 16:19:54,232 [Worker-3: Building workspace] INFO  o.e.m.c.i.embedder.EclipseLogger - skip non existing resourceDirectory /home/scriptuit/Projects/SpringConfigClient2/codebase/ConfigClient2/src/test/resources
2018-10-31 16:19:55,925 [Worker-3: Building workspace] INFO  o.e.m.c.i.embedder.EclipseLogger - Using 'UTF-8' encoding to copy filtered resources.
2018-10-31 16:19:55,925 [Worker-3: Building workspace] INFO  o.e.m.c.i.embedder.EclipseLogger - Copying 1 resource
2018-10-31 16:19:55,927 [Worker-3: Building workspace] INFO  o.e.m.c.i.embedder.EclipseLogger - Copying 0 resource
2018-10-31 16:19:55,928 [Worker-3: Building workspace] INFO  o.e.m.c.i.embedder.EclipseLogger - Using 'UTF-8' encoding to copy filtered resources.
2018-10-31 16:19:55,929 [Worker-3: Building workspace] INFO  o.e.m.c.i.embedder.EclipseLogger - skip non existing resourceDirectory /home/scriptuit/Projects/SpringConfigServer/codebase/ConfigServer/src/test/resources
2018-10-31 16:19:58,228 [Worker-16: Launching cs_run] INFO  o.e.m.i.launch.MavenLaunchDelegate - /home/scriptuit/Projects/SpringConfigServer/codebase/ConfigServer
2018-10-31 16:19:58,229 [Worker-16: Launching cs_run] INFO  o.e.m.i.launch.MavenLaunchDelegate -  mvn -B -Dmaven.test.skip=true -DskipTests spring-boot:run
2018-10-31 16:31:41,930 [Worker-21: Building workspace] INFO  o.e.m.c.i.l.LifecycleMappingFactory - Using org.eclipse.m2e.jdt.JarLifecycleMapping lifecycle mapping for MavenProject: com.example:configuration-service:0.0.1-SNAPSHOT @ /home/scriptuit/Projects/SpringConfigServer/codebase/ConfigServer/pom.xml.
2018-10-31 16:31:46,797 [Worker-21: Building workspace] INFO  o.e.m.c.i.embedder.EclipseLogger - Using 'UTF-8' encoding to copy filtered resources.
2018-10-31 16:31:46,851 [Worker-21: Building workspace] INFO  o.e.m.c.i.embedder.EclipseLogger - Copying 0 resource
2018-10-31 16:31:46,851 [Worker-21: Building workspace] INFO  o.e.m.c.i.embedder.EclipseLogger - Copying 0 resource
2018-10-31 16:31:46,853 [Worker-21: Building workspace] INFO  o.e.m.c.i.embedder.EclipseLogger - Using 'UTF-8' encoding to copy filtered resources.
2018-10-31 16:31:46,854 [Worker-21: Building workspace] INFO  o.e.m.c.i.embedder.EclipseLogger - skip non existing resourceDirectory /home/scriptuit/Projects/SpringConfigServer/codebase/ConfigServer/src/test/resources
2018-10-31 16:31:51,536 [Worker-22: Building workspace] INFO  o.e.m.c.i.embedder.EclipseLogger - Using 'UTF-8' encoding to copy filtered resources.
2018-10-31 16:31:51,585 [Worker-22: Building workspace] INFO  o.e.m.c.i.embedder.EclipseLogger - Copying 1 resource
2018-10-31 16:31:51,611 [Worker-22: Building workspace] INFO  o.e.m.c.i.embedder.EclipseLogger - Copying 0 resource
2018-10-31 16:31:51,614 [Worker-22: Building workspace] INFO  o.e.m.c.i.embedder.EclipseLogger - Using 'UTF-8' encoding to copy filtered resources.
2018-10-31 16:31:51,614 [Worker-22: Building workspace] INFO  o.e.m.c.i.embedder.EclipseLogger - skip non existing resourceDirectory /home/scriptuit/Projects/SpringConfigServer/codebase/ConfigServer/src/test/resources
2018-10-31 16:41:08,144 [Worker-13: Launching cs_run] INFO  o.e.m.i.launch.MavenLaunchDelegate - /home/scriptuit/Projects/SpringConfigServer/codebase/ConfigServer
2018-10-31 16:41:08,144 [Worker-13: Launching cs_run] INFO  o.e.m.i.launch.MavenLaunchDelegate -  mvn -B -Dmaven.test.skip=true -DskipTests spring-boot:run
2018-11-02 16:10:30,565 [Worker-3: Loading available Gradle versions] INFO  c.g.t.t.d.PublishedGradleVersions - Gradle version information cache is out-of-date. Trying to update.
2018-11-02 16:10:48,220 [Worker-2: Building workspace] INFO  o.e.m.c.i.l.LifecycleMappingFactory - Using org.eclipse.m2e.jdt.JarLifecycleMapping lifecycle mapping for MavenProject: com.example:configuration-client:0.0.1-SNAPSHOT @ /home/scriptuit/Projects/SpringConfigClient2/codebase/ConfigClient2/pom.xml.
2018-11-02 16:10:51,147 [Worker-2: Building workspace] INFO  o.e.m.c.i.embedder.EclipseLogger - Using 'UTF-8' encoding to copy filtered resources.
2018-11-02 16:10:51,151 [Worker-2: Building workspace] INFO  o.e.m.c.i.embedder.EclipseLogger - Copying 1 resource
2018-11-02 16:10:51,187 [Worker-2: Building workspace] INFO  o.e.m.c.i.embedder.EclipseLogger - Copying 1 resource
2018-11-02 16:10:51,214 [Worker-2: Building workspace] INFO  o.e.m.c.i.embedder.EclipseLogger - Using 'UTF-8' encoding to copy filtered resources.
2018-11-02 16:10:51,214 [Worker-2: Building workspace] INFO  o.e.m.c.i.embedder.EclipseLogger - skip non existing resourceDirectory /home/scriptuit/Projects/SpringConfigClient2/codebase/ConfigClient2/src/test/resources
2018-11-02 16:10:51,882 [Worker-2: Building workspace] INFO  o.e.m.c.i.l.LifecycleMappingFactory - Using org.eclipse.m2e.jdt.JarLifecycleMapping lifecycle mapping for MavenProject: com.example:configuration-service:0.0.1-SNAPSHOT @ /home/scriptuit/Projects/SpringConfigServer/codebase/ConfigServer/pom.xml.
2018-11-02 16:10:52,599 [Worker-2: Building workspace] INFO  o.e.m.c.i.embedder.EclipseLogger - Using 'UTF-8' encoding to copy filtered resources.
2018-11-02 16:10:52,599 [Worker-2: Building workspace] INFO  o.e.m.c.i.embedder.EclipseLogger - Copying 1 resource
2018-11-02 16:10:52,603 [Worker-2: Building workspace] INFO  o.e.m.c.i.embedder.EclipseLogger - Copying 0 resource
2018-11-02 16:10:52,607 [Worker-2: Building workspace] INFO  o.e.m.c.i.embedder.EclipseLogger - Using 'UTF-8' encoding to copy filtered resources.
2018-11-02 16:10:52,607 [Worker-2: Building workspace] INFO  o.e.m.c.i.embedder.EclipseLogger - skip non existing resourceDirectory /home/scriptuit/Projects/SpringConfigServer/codebase/ConfigServer/src/test/resources
2018-11-02 16:10:54,213 [Worker-3: Building workspace] INFO  o.e.m.c.i.embedder.EclipseLogger - Using 'UTF-8' encoding to copy filtered resources.
2018-11-02 16:10:54,217 [Worker-3: Building workspace] INFO  o.e.m.c.i.embedder.EclipseLogger - Copying 1 resource
2018-11-02 16:10:54,218 [Worker-3: Building workspace] INFO  o.e.m.c.i.embedder.EclipseLogger - Copying 1 resource
2018-11-02 16:10:54,223 [Worker-3: Building workspace] INFO  o.e.m.c.i.embedder.EclipseLogger - Using 'UTF-8' encoding to copy filtered resources.
2018-11-02 16:10:54,223 [Worker-3: Building workspace] INFO  o.e.m.c.i.embedder.EclipseLogger - skip non existing resourceDirectory /home/scriptuit/Projects/SpringConfigClient2/codebase/ConfigClient2/src/test/resources
2018-11-02 16:10:58,992 [Worker-9: Launching cs_run] INFO  o.e.m.i.launch.MavenLaunchDelegate - /home/scriptuit/Projects/SpringConfigServer/codebase/ConfigServer
2018-11-02 16:10:58,993 [Worker-9: Launching cs_run] INFO  o.e.m.i.launch.MavenLaunchDelegate -  mvn -B -Dmaven.test.skip=true -DskipTests spring-boot:run
2018-11-20 17:55:18,614 [Worker-3: Loading available Gradle versions] INFO  c.g.t.t.d.PublishedGradleVersions - Gradle version information cache is out-of-date. Trying to update.
2018-11-20 17:55:53,995 [Worker-2: Building workspace] INFO  o.e.m.c.i.l.LifecycleMappingFactory - Using org.eclipse.m2e.jdt.JarLifecycleMapping lifecycle mapping for MavenProject: com.example:configuration-client:0.0.1-SNAPSHOT @ /home/scriptuit/Projects/SpringConfigClient2/codebase/ConfigClient2/pom.xml.
2018-11-20 17:56:12,404 [Worker-2: Building workspace] INFO  o.e.m.c.i.embedder.EclipseLogger - Using 'UTF-8' encoding to copy filtered resources.
2018-11-20 17:56:12,451 [Worker-2: Building workspace] INFO  o.e.m.c.i.embedder.EclipseLogger - Copying 1 resource
2018-11-20 17:56:12,498 [Worker-2: Building workspace] INFO  o.e.m.c.i.embedder.EclipseLogger - Copying 1 resource
2018-11-20 17:56:12,652 [Worker-2: Building workspace] INFO  o.e.m.c.i.embedder.EclipseLogger - Using 'UTF-8' encoding to copy filtered resources.
2018-11-20 17:56:12,711 [Worker-2: Building workspace] INFO  o.e.m.c.i.embedder.EclipseLogger - skip non existing resourceDirectory /home/scriptuit/Projects/SpringConfigClient2/codebase/ConfigClient2/src/test/resources
2018-11-20 17:56:14,101 [Worker-2: Building workspace] INFO  o.e.m.c.i.embedder.EclipseLogger - Using 'UTF-8' encoding to copy filtered resources.
2018-11-20 17:56:14,102 [Worker-2: Building workspace] INFO  o.e.m.c.i.embedder.EclipseLogger - Copying 1 resource
2018-11-20 17:56:14,112 [Worker-2: Building workspace] INFO  o.e.m.c.i.embedder.EclipseLogger - Copying 0 resource
2018-11-20 17:56:14,116 [Worker-2: Building workspace] INFO  o.e.m.c.i.embedder.EclipseLogger - Using 'UTF-8' encoding to copy filtered resources.
2018-11-20 17:56:14,116 [Worker-2: Building workspace] INFO  o.e.m.c.i.embedder.EclipseLogger - skip non existing resourceDirectory /home/scriptuit/Projects/SpringConfigServer/codebase/ConfigServer/src/test/resources
2018-11-20 17:56:15,974 [Worker-8: Building workspace] INFO  o.e.m.c.i.embedder.EclipseLogger - Using 'UTF-8' encoding to copy filtered resources.
2018-11-20 17:56:16,016 [Worker-8: Building workspace] INFO  o.e.m.c.i.embedder.EclipseLogger - Copying 1 resource
2018-11-20 17:56:16,017 [Worker-8: Building workspace] INFO  o.e.m.c.i.embedder.EclipseLogger - Copying 1 resource
2018-11-20 17:56:16,020 [Worker-8: Building workspace] INFO  o.e.m.c.i.embedder.EclipseLogger - Using 'UTF-8' encoding to copy filtered resources.
2018-11-20 17:56:16,021 [Worker-8: Building workspace] INFO  o.e.m.c.i.embedder.EclipseLogger - skip non existing resourceDirectory /home/scriptuit/Projects/SpringConfigClient2/codebase/ConfigClient2/src/test/resources
2018-11-20 17:57:30,549 [Worker-4: Launching cc2_run] INFO  o.e.m.i.launch.MavenLaunchDelegate - /home/scriptuit/Projects/SpringConfigClient2/codebase/ConfigClient2
2018-11-20 17:57:30,602 [Worker-4: Launching cc2_run] INFO  o.e.m.i.launch.MavenLaunchDelegate -  mvn -B -Dmaven.test.skip=true -DskipTests spring-boot:run
2018-11-28 13:15:25,098 [Worker-3: Loading available Gradle versions] INFO  c.g.t.t.d.PublishedGradleVersions - Gradle version information cache is out-of-date. Trying to update.
2018-11-28 13:16:20,490 [Worker-9: Building workspace] INFO  o.e.m.c.i.l.LifecycleMappingFactory - Using org.eclipse.m2e.jdt.JarLifecycleMapping lifecycle mapping for MavenProject: com.example:configuration-client:0.0.1-SNAPSHOT @ /home/scriptuit/Projects/SpringConfigClient2/codebase/ConfigClient2/pom.xml.
2018-11-28 13:16:25,691 [Worker-9: Building workspace] INFO  o.e.m.c.i.embedder.EclipseLogger - Using 'UTF-8' encoding to copy filtered resources.
2018-11-28 13:16:25,715 [Worker-9: Building workspace] INFO  o.e.m.c.i.embedder.EclipseLogger - Copying 1 resource
2018-11-28 13:16:25,749 [Worker-9: Building workspace] INFO  o.e.m.c.i.embedder.EclipseLogger - Copying 1 resource
2018-11-28 13:16:25,834 [Worker-9: Building workspace] INFO  o.e.m.c.i.embedder.EclipseLogger - Using 'UTF-8' encoding to copy filtered resources.
2018-11-28 13:16:25,834 [Worker-9: Building workspace] INFO  o.e.m.c.i.embedder.EclipseLogger - skip non existing resourceDirectory /home/scriptuit/Projects/SpringConfigClient2/codebase/ConfigClient2/src/test/resources
2018-11-28 13:16:29,741 [Worker-12: Building workspace] INFO  o.e.m.c.i.embedder.EclipseLogger - Using 'UTF-8' encoding to copy filtered resources.
2018-11-28 13:16:29,745 [Worker-12: Building workspace] INFO  o.e.m.c.i.embedder.EclipseLogger - Copying 1 resource
2018-11-28 13:16:29,746 [Worker-12: Building workspace] INFO  o.e.m.c.i.embedder.EclipseLogger - Copying 1 resource
2018-11-28 13:16:29,750 [Worker-12: Building workspace] INFO  o.e.m.c.i.embedder.EclipseLogger - Using 'UTF-8' encoding to copy filtered resources.
2018-11-28 13:16:29,751 [Worker-12: Building workspace] INFO  o.e.m.c.i.embedder.EclipseLogger - skip non existing resourceDirectory /home/scriptuit/Projects/SpringConfigClient2/codebase/ConfigClient2/src/test/resources
2018-11-28 13:16:31,293 [Worker-12: Building workspace] INFO  o.e.m.c.i.l.LifecycleMappingFactory - Using org.eclipse.m2e.jdt.JarLifecycleMapping lifecycle mapping for MavenProject: com.example:configuration-service:0.0.1-SNAPSHOT @ /home/scriptuit/Projects/SpringConfigServer/codebase/ConfigServer/pom.xml.
2018-11-28 13:16:31,930 [Worker-12: Building workspace] INFO  o.e.m.c.i.embedder.EclipseLogger - Using 'UTF-8' encoding to copy filtered resources.
2018-11-28 13:16:31,931 [Worker-12: Building workspace] INFO  o.e.m.c.i.embedder.EclipseLogger - Copying 1 resource
2018-11-28 13:16:31,970 [Worker-12: Building workspace] INFO  o.e.m.c.i.embedder.EclipseLogger - Copying 0 resource
2018-11-28 13:16:31,974 [Worker-12: Building workspace] INFO  o.e.m.c.i.embedder.EclipseLogger - Using 'UTF-8' encoding to copy filtered resources.
2018-11-28 13:16:31,974 [Worker-12: Building workspace] INFO  o.e.m.c.i.embedder.EclipseLogger - skip non existing resourceDirectory /home/scriptuit/Projects/SpringConfigServer/codebase/ConfigServer/src/test/resources
2018-11-28 13:38:57,275 [Worker-17: Launching cs_run] INFO  o.e.m.i.launch.MavenLaunchDelegate - /home/scriptuit/Projects/SpringConfigServer/codebase/ConfigServer
2018-11-28 13:38:57,307 [Worker-17: Launching cs_run] INFO  o.e.m.i.launch.MavenLaunchDelegate -  mvn -B -Dmaven.test.skip=true -DskipTests spring-boot:run
2018-12-03 13:18:38,699 [Worker-1: Loading available Gradle versions] INFO  c.g.t.t.d.PublishedGradleVersions - Gradle version information cache is out-of-date. Trying to update.
2018-12-03 13:39:23,092 [Worker-0: Loading available Gradle versions] INFO  c.g.t.t.d.PublishedGradleVersions - Gradle version information cache is up-to-date. Trying to read.
2018-12-03 15:18:35,941 [Worker-3: Loading available Gradle versions] INFO  c.g.t.t.d.PublishedGradleVersions - Gradle version information cache is up-to-date. Trying to read.
2018-12-04 14:38:03,844 [Worker-10: Loading available Gradle versions] INFO  c.g.t.t.d.PublishedGradleVersions - Gradle version information cache is out-of-date. Trying to update.
